My project/Library/Bee/Android/Prj/IL2CPP/Gradle/unityLibrary/mobilenotifications.androidlib/build/intermediates/manifest_merge_blame_file/release/processReleaseManifest/manifest-merger-blame-release-report.txt
1<?xml version="1.0" encoding="utf-8"?>
2<manifest xmlns:android="http://schemas.android.com/apk/res/android"
3    package="com.unity.androidnotifications" >
4
5    <uses-sdk android:minSdkVersion="22" />
6
7    <uses-permission android:name="android.permission.POST_NOTIFICATIONS" />
7-->src/main/AndroidManifest.xml:3:3-75
7-->src/main/AndroidManifest.xml:3:20-72
8
9    <application>
9-->src/main/AndroidManifest.xml:4:3-7:17
10        <receiver
10-->src/main/AndroidManifest.xml:5:5-113
11            android:name="com.unity.androidnotifications.UnityNotificationManager"
11-->src/main/AndroidManifest.xml:5:40-110
12            android:exported="false" />
12-->src/main/AndroidManifest.xml:5:15-39
13
14        <meta-data
14-->src/main/AndroidManifest.xml:6:5-99
15            android:name="com.unity.androidnotifications.exact_scheduling"
15-->src/main/AndroidManifest.xml:6:16-78
16            android:value="0" />
16-->src/main/AndroidManifest.xml:6:79-96
17    </application>
18
19</manifest>